build/app/intermediates/manifest_merge_blame_file/debug/manifest-merger-blame-debug-report.txt
1<?xml version="1.0" encoding="utf-8"?>
2<manifest xmlns:android="http://schemas.android.com/apk/res/android"
3    package="com.example.jolobbi_app"
4    android:versionCode="1"
5    android:versionName="1.0.0" >
6
7    <uses-sdk
8        android:minSdkVersion="21"
9        android:targetSdkVersion="31" />
10    <!--
11         Flutter needs it to communicate with the running application
12         to allow setting breakpoints, to provide hot reload, etc.
13    -->
14    <uses-permission android:name="android.permission.INTERNET" />
14-->src/debug/AndroidManifest.xml:6:5-66
14-->src/debug/AndroidManifest.xml:6:22-64
15    <uses-permission android:name="android.permission.USE_FINGERPRINT" />
15-->src/main/AndroidManifest.xml:3:5-73
15-->src/main/AndroidManifest.xml:3:22-71
16    <uses-permission android:name="android.permission.ACCESS_NETWORK_STATE" />
16-->[:firebase_analytics] AndroidManifest.xml:7:5-79
16-->[:firebase_analytics] AndroidManifest.xml:7:22-76
17    <uses-permission android:name="android.permission.WAKE_LOCK" />
17-->[:firebase_analytics] AndroidManifest.xml:9:5-68
17-->[:firebase_analytics] AndroidManifest.xml:9:22-65
18    <uses-permission android:name="android.permission.RECEIVE_BOOT_COMPLETED" />
18-->[:flutter_local_notifications] AndroidManifest.xml:7:5-81
18-->[:flutter_local_notifications] AndroidManifest.xml:7:22-78
19    <uses-permission android:name="android.permission.VIBRATE" />
19-->[:flutter_local_notifications] AndroidManifest.xml:8:5-66
19-->[:flutter_local_notifications] AndroidManifest.xml:8:22-63
20    <uses-permission android:name="android.permission.USE_FULL_SCREEN_INTENT" />
20-->[:flutter_local_notifications] AndroidManifest.xml:9:5-81
20-->[:flutter_local_notifications] AndroidManifest.xml:9:22-78
21    <uses-permission android:name="android.permission.SCHEDULE_EXACT_ALARM" /> <!-- Required by older versions of Google Play services to create IID tokens -->
21-->[:flutter_local_notifications] AndroidManifest.xml:10:5-79
21-->[:flutter_local_notifications] AndroidManifest.xml:10:22-76
22    <uses-permission android:name="com.google.android.c2dm.permission.RECEIVE" />
22-->[com.google.firebase:firebase-messaging:23.0.0] AndroidManifest.xml:25:5-82
22-->[com.google.firebase:firebase-messaging:23.0.0] AndroidManifest.xml:25:22-79
23    <uses-permission android:name="android.permission.USE_BIOMETRIC" />
23-->[androidx.biometric:biometric:1.1.0] AndroidManifest.xml:24:5-72
23-->[androidx.biometric:biometric:1.1.0] AndroidManifest.xml:24:22-69
24    <uses-permission android:name="com.google.android.finsky.permission.BIND_GET_INSTALL_REFERRER_SERVICE" /> <!-- Include required permissions for Advertising Id -->
24-->[com.google.android.gms:play-services-measurement:20.1.0] AndroidManifest.xml:26:5-110
24-->[com.google.android.gms:play-services-measurement:20.1.0] AndroidManifest.xml:26:22-107
25    <uses-permission android:name="com.google.android.gms.permission.AD_ID" />
25-->[com.google.android.gms:play-services-ads-identifier:18.0.0] AndroidManifest.xml:23:5-79
25-->[com.google.android.gms:play-services-ads-identifier:18.0.0] AndroidManifest.xml:23:22-76
26
27    <application
28        android:name="android.app.Application"
29        android:appComponentFactory="androidx.core.app.CoreComponentFactory"
29-->[androidx.core:core:1.6.0] AndroidManifest.xml:24:18-86
30        android:debuggable="true"
31        android:icon="@mipmap/ic_launcher"
32        android:label="Jolobbi Dev" >
33        <activity
34            android:name="com.example.jolobbi_app.MainActivity"
35            android:configChanges="orientation|keyboardHidden|keyboard|screenSize|smallestScreenSize|locale|layoutDirection|fontScale|screenLayout|density|uiMode"
36            android:exported="true"
37            android:hardwareAccelerated="true"
38            android:launchMode="singleTop"
39            android:theme="@style/LaunchTheme"
40            android:windowSoftInputMode="adjustResize" >
41
42            <!--
43                 Specifies an Android theme to apply to this Activity as soon as
44                 the Android process has started. This theme is visible to the user
45                 while the Flutter UI initializes. After that, this theme continues
46                 to determine the Window background behind the Flutter UI.
47            -->
48            <meta-data
49                android:name="io.flutter.embedding.android.NormalTheme"
50                android:resource="@style/NormalTheme" />
51
52            <intent-filter>
53                <action android:name="android.intent.action.MAIN" />
54
55                <category android:name="android.intent.category.LAUNCHER" />
56            </intent-filter>
57        </activity>
58        <!--
59             Don't delete the meta-data below.
60             This is used by the Flutter tool to generate GeneratedPluginRegistrant.java
61        -->
62        <meta-data
63            android:name="flutterEmbedding"
64            android:value="2" />
65
66        <service
66-->[:firebase_crashlytics] AndroidManifest.xml:8:9-12:19
67            android:name="com.google.firebase.components.ComponentDiscoveryService"
67-->[:firebase_crashlytics] AndroidManifest.xml:8:18-89
68            android:directBootAware="true"
68-->[com.google.firebase:firebase-common:20.0.0] AndroidManifest.xml:35:13-43
69            android:exported="false" >
69-->[com.google.firebase:firebase-crashlytics:18.2.8] AndroidManifest.xml:17:13-37
70            <meta-data
70-->[:firebase_crashlytics] AndroidManifest.xml:9:13-11:85
71                android:name="com.google.firebase.components:io.flutter.plugins.firebase.crashlytics.FlutterFirebaseAppRegistrar"
71-->[:firebase_crashlytics] AndroidManifest.xml:10:17-130
72                android:value="com.google.firebase.components.ComponentRegistrar" />
72-->[:firebase_crashlytics] AndroidManifest.xml:11:17-82
73            <meta-data
73-->[:cloud_firestore] AndroidManifest.xml:9:13-11:85
74                android:name="com.google.firebase.components:io.flutter.plugins.firebase.firestore.FlutterFirebaseFirestoreRegistrar"
74-->[:cloud_firestore] AndroidManifest.xml:10:17-134
75                android:value="com.google.firebase.components.ComponentRegistrar" />
75-->[:cloud_firestore] AndroidManifest.xml:11:17-82
76            <meta-data
76-->[:firebase_analytics] AndroidManifest.xml:13:13-15:85
77                android:name="com.google.firebase.components:io.flutter.plugins.firebase.analytics.FlutterFirebaseAppRegistrar"
77-->[:firebase_analytics] AndroidManifest.xml:14:17-128
78                android:value="com.google.firebase.components.ComponentRegistrar" />
78-->[:firebase_analytics] AndroidManifest.xml:15:17-82
79            <meta-data
79-->[:firebase_auth] AndroidManifest.xml:9:13-11:85
80                android:name="com.google.firebase.components:io.flutter.plugins.firebase.auth.FlutterFirebaseAuthRegistrar"
80-->[:firebase_auth] AndroidManifest.xml:10:17-124
81                android:value="com.google.firebase.components.ComponentRegistrar" />
81-->[:firebase_auth] AndroidManifest.xml:11:17-82
82            <meta-data
82-->[:firebase_messaging] AndroidManifest.xml:34:13-36:85
83                android:name="com.google.firebase.components:io.flutter.plugins.firebase.messaging.FlutterFirebaseAppRegistrar"
83-->[:firebase_messaging] AndroidManifest.xml:35:17-128
84                android:value="com.google.firebase.components.ComponentRegistrar" />
84-->[:firebase_messaging] AndroidManifest.xml:36:17-82
85            <meta-data
85-->[:firebase_core] AndroidManifest.xml:9:13-11:85
86                android:name="com.google.firebase.components:io.flutter.plugins.firebase.core.FlutterFirebaseCoreRegistrar"
86-->[:firebase_core] AndroidManifest.xml:10:17-124
87                android:value="com.google.firebase.components.ComponentRegistrar" />
87-->[:firebase_core] AndroidManifest.xml:11:17-82
88            <meta-data
88-->[com.google.firebase:firebase-crashlytics:18.2.8] AndroidManifest.xml:18:13-20:85
89                android:name="com.google.firebase.components:com.google.firebase.crashlytics.CrashlyticsRegistrar"
89-->[com.google.firebase:firebase-crashlytics:18.2.8] AndroidManifest.xml:19:17-115
90                android:value="com.google.firebase.components.ComponentRegistrar" />
90-->[com.google.firebase:firebase-crashlytics:18.2.8] AndroidManifest.xml:20:17-82
91            <meta-data
91-->[com.google.firebase:firebase-messaging:23.0.0] AndroidManifest.xml:52:13-54:85
92                android:name="com.google.firebase.components:com.google.firebase.messaging.FirebaseMessagingRegistrar"
92-->[com.google.firebase:firebase-messaging:23.0.0] AndroidManifest.xml:53:17-119
93                android:value="com.google.firebase.components.ComponentRegistrar" />
93-->[com.google.firebase:firebase-messaging:23.0.0] AndroidManifest.xml:54:17-82
94            <meta-data
94-->[com.google.firebase:firebase-datatransport:18.0.0] AndroidManifest.xml:28:13-30:85
95                android:name="com.google.firebase.components:com.google.firebase.datatransport.TransportRegistrar"
95-->[com.google.firebase:firebase-datatransport:18.0.0] AndroidManifest.xml:29:17-115
96                android:value="com.google.firebase.components.ComponentRegistrar" />
96-->[com.google.firebase:firebase-datatransport:18.0.0] AndroidManifest.xml:30:17-82
97            <meta-data
97-->[com.google.firebase:firebase-auth:21.0.1] AndroidManifest.xml:77:13-79:85
98                android:name="com.google.firebase.components:com.google.firebase.auth.FirebaseAuthRegistrar"
98-->[com.google.firebase:firebase-auth:21.0.1] AndroidManifest.xml:78:17-109
99                android:value="com.google.firebase.components.ComponentRegistrar" />
99-->[com.google.firebase:firebase-auth:21.0.1] AndroidManifest.xml:79:17-82
100            <meta-data
100-->[com.google.firebase:firebase-firestore:24.0.1] AndroidManifest.xml:20:13-22:85
101                android:name="com.google.firebase.components:com.google.firebase.firestore.FirestoreRegistrar"
101-->[com.google.firebase:firebase-firestore:24.0.1] AndroidManifest.xml:21:17-111
102                android:value="com.google.firebase.components.ComponentRegistrar" />
102-->[com.google.firebase:firebase-firestore:24.0.1] AndroidManifest.xml:22:17-82
103            <meta-data
103-->[com.google.android.gms:play-services-measurement-api:20.1.0] AndroidManifest.xml:30:13-32:85
104                android:name="com.google.firebase.components:com.google.firebase.analytics.connector.internal.AnalyticsConnectorRegistrar"
104-->[com.google.android.gms:play-services-measurement-api:20.1.0] AndroidManifest.xml:31:17-139
105                android:value="com.google.firebase.components.ComponentRegistrar" />
105-->[com.google.android.gms:play-services-measurement-api:20.1.0] AndroidManifest.xml:32:17-82
106            <meta-data
106-->[com.google.firebase:firebase-installations:17.0.0] AndroidManifest.xml:18:13-20:85
107                android:name="com.google.firebase.components:com.google.firebase.installations.FirebaseInstallationsRegistrar"
107-->[com.google.firebase:firebase-installations:17.0.0] AndroidManifest.xml:19:17-127
108                android:value="com.google.firebase.components.ComponentRegistrar" />
108-->[com.google.firebase:firebase-installations:17.0.0] AndroidManifest.xml:20:17-82
109        </service>
110        <service
110-->[:firebase_messaging] AndroidManifest.xml:12:9-15:72
111            android:name="io.flutter.plugins.firebase.messaging.FlutterFirebaseMessagingBackgroundService"
111-->[:firebase_messaging] AndroidManifest.xml:13:13-107
112            android:exported="false"
112-->[:firebase_messaging] AndroidManifest.xml:14:13-37
113            android:permission="android.permission.BIND_JOB_SERVICE" />
113-->[:firebase_messaging] AndroidManifest.xml:15:13-69
114        <service
114-->[:firebase_messaging] AndroidManifest.xml:16:9-22:19
115            android:name="io.flutter.plugins.firebase.messaging.FlutterFirebaseMessagingService"
115-->[:firebase_messaging] AndroidManifest.xml:17:13-97
116            android:exported="false" >
116-->[:firebase_messaging] AndroidManifest.xml:18:13-37
117            <intent-filter>
117-->[:firebase_messaging] AndroidManifest.xml:19:13-21:29
118                <action android:name="com.google.firebase.MESSAGING_EVENT" />
118-->[:firebase_messaging] AndroidManifest.xml:20:17-78
118-->[:firebase_messaging] AndroidManifest.xml:20:25-75
119            </intent-filter>
120        </service>
121
122        <receiver
122-->[:firebase_messaging] AndroidManifest.xml:24:9-31:20
123            android:name="io.flutter.plugins.firebase.messaging.FlutterFirebaseMessagingReceiver"
123-->[:firebase_messaging] AndroidManifest.xml:25:13-98
124            android:exported="true"
124-->[:firebase_messaging] AndroidManifest.xml:26:13-36
125            android:permission="com.google.android.c2dm.permission.SEND" >
125-->[:firebase_messaging] AndroidManifest.xml:27:13-73
126            <intent-filter>
126-->[:firebase_messaging] AndroidManifest.xml:28:13-30:29
127                <action android:name="com.google.android.c2dm.intent.RECEIVE" />
127-->[:firebase_messaging] AndroidManifest.xml:29:17-81
127-->[:firebase_messaging] AndroidManifest.xml:29:25-78
128            </intent-filter>
129        </receiver>
130
131        <provider
131-->[:firebase_messaging] AndroidManifest.xml:39:9-43:38
132            android:name="io.flutter.plugins.firebase.messaging.FlutterFirebaseMessagingInitProvider"
132-->[:firebase_messaging] AndroidManifest.xml:40:13-102
133            android:authorities="com.example.jolobbi_app.flutterfirebasemessaginginitprovider"
133-->[:firebase_messaging] AndroidManifest.xml:41:13-88
134            android:exported="false"
134-->[:firebase_messaging] AndroidManifest.xml:42:13-37
135            android:initOrder="99" />
135-->[:firebase_messaging] AndroidManifest.xml:43:13-35
136        <provider
136-->[:image_picker] AndroidManifest.xml:8:9-16:20
137            android:name="io.flutter.plugins.imagepicker.ImagePickerFileProvider"
137-->[:image_picker] AndroidManifest.xml:9:13-82
138            android:authorities="com.example.jolobbi_app.flutter.image_provider"
138-->[:image_picker] AndroidManifest.xml:10:13-74
139            android:exported="false"
139-->[:image_picker] AndroidManifest.xml:11:13-37
140            android:grantUriPermissions="true" >
140-->[:image_picker] AndroidManifest.xml:12:13-47
141            <meta-data
141-->[:image_picker] AndroidManifest.xml:13:13-15:75
142                android:name="android.support.FILE_PROVIDER_PATHS"
142-->[:image_picker] AndroidManifest.xml:14:17-67
143                android:resource="@xml/flutter_image_picker_file_paths" />
143-->[:image_picker] AndroidManifest.xml:15:17-72
144        </provider>
145
146        <receiver
146-->[:flutter_local_notifications] AndroidManifest.xml:13:9-15:40
147            android:name="com.dexterous.flutterlocalnotifications.ScheduledNotificationReceiver"
147-->[:flutter_local_notifications] AndroidManifest.xml:14:13-97
148            android:exported="false" />
148-->[:flutter_local_notifications] AndroidManifest.xml:15:13-37
149        <receiver
149-->[:flutter_local_notifications] AndroidManifest.xml:16:9-25:20
150            android:name="com.dexterous.flutterlocalnotifications.ScheduledNotificationBootReceiver"
150-->[:flutter_local_notifications] AndroidManifest.xml:17:13-101
151            android:exported="false" >
151-->[:flutter_local_notifications] AndroidManifest.xml:18:13-37
152            <intent-filter>
152-->[:flutter_local_notifications] AndroidManifest.xml:19:13-24:29
153                <action android:name="android.intent.action.BOOT_COMPLETED" />
153-->[:flutter_local_notifications] AndroidManifest.xml:20:17-79
153-->[:flutter_local_notifications] AndroidManifest.xml:20:25-76
154                <action android:name="android.intent.action.MY_PACKAGE_REPLACED" />
154-->[:flutter_local_notifications] AndroidManifest.xml:21:17-84
154-->[:flutter_local_notifications] AndroidManifest.xml:21:25-81
155                <action android:name="android.intent.action.QUICKBOOT_POWERON" />
155-->[:flutter_local_notifications] AndroidManifest.xml:22:17-82
155-->[:flutter_local_notifications] AndroidManifest.xml:22:25-79
156                <action android:name="com.htc.intent.action.QUICKBOOT_POWERON" />
156-->[:flutter_local_notifications] AndroidManifest.xml:23:17-82
156-->[:flutter_local_notifications] AndroidManifest.xml:23:25-79
157            </intent-filter>
158        </receiver>
159
160        <uses-library
160-->[androidx.window:window:1.0.0-beta04] AndroidManifest.xml:25:9-27:40
161            android:name="androidx.window.extensions"
161-->[androidx.window:window:1.0.0-beta04] AndroidManifest.xml:26:13-54
162            android:required="false" />
162-->[androidx.window:window:1.0.0-beta04] AndroidManifest.xml:27:13-37
163        <uses-library
163-->[androidx.window:window:1.0.0-beta04] AndroidManifest.xml:28:9-30:40
164            android:name="androidx.window.sidecar"
164-->[androidx.window:window:1.0.0-beta04] AndroidManifest.xml:29:13-51
165            android:required="false" />
165-->[androidx.window:window:1.0.0-beta04] AndroidManifest.xml:30:13-37
166
167        <receiver
167-->[com.google.firebase:firebase-messaging:23.0.0] AndroidManifest.xml:28:9-35:20
168            android:name="com.google.firebase.iid.FirebaseInstanceIdReceiver"
168-->[com.google.firebase:firebase-messaging:23.0.0] AndroidManifest.xml:29:13-78
169            android:exported="true"
169-->[com.google.firebase:firebase-messaging:23.0.0] AndroidManifest.xml:30:13-36
170            android:permission="com.google.android.c2dm.permission.SEND" >
170-->[com.google.firebase:firebase-messaging:23.0.0] AndroidManifest.xml:31:13-73
171            <intent-filter>
171-->[:firebase_messaging] AndroidManifest.xml:28:13-30:29
172                <action android:name="com.google.android.c2dm.intent.RECEIVE" />
172-->[:firebase_messaging] AndroidManifest.xml:29:17-81
172-->[:firebase_messaging] AndroidManifest.xml:29:25-78
173            </intent-filter>
174        </receiver>
175        <!--
176             FirebaseMessagingService performs security checks at runtime,
177             but set to not exported to explicitly avoid allowing another app to call it.
178        -->
179        <service
179-->[com.google.firebase:firebase-messaging:23.0.0] AndroidManifest.xml:41:9-48:19
180            android:name="com.google.firebase.messaging.FirebaseMessagingService"
180-->[com.google.firebase:firebase-messaging:23.0.0] AndroidManifest.xml:42:13-82
181            android:directBootAware="true"
181-->[com.google.firebase:firebase-messaging:23.0.0] AndroidManifest.xml:43:13-43
182            android:exported="false" >
182-->[com.google.firebase:firebase-messaging:23.0.0] AndroidManifest.xml:44:13-37
183            <intent-filter android:priority="-500" >
183-->[:firebase_messaging] AndroidManifest.xml:19:13-21:29
184                <action android:name="com.google.firebase.MESSAGING_EVENT" />
184-->[:firebase_messaging] AndroidManifest.xml:20:17-78
184-->[:firebase_messaging] AndroidManifest.xml:20:25-75
185            </intent-filter>
186        </service>
187        <service
187-->[com.google.android.datatransport:transport-backend-cct:3.1.2] AndroidManifest.xml:29:9-35:19
188            android:name="com.google.android.datatransport.runtime.backends.TransportBackendDiscovery"
188-->[com.google.android.datatransport:transport-backend-cct:3.1.2] AndroidManifest.xml:30:13-103
189            android:exported="false" >
189-->[com.google.android.datatransport:transport-backend-cct:3.1.2] AndroidManifest.xml:31:13-37
190            <meta-data
190-->[com.google.android.datatransport:transport-backend-cct:3.1.2] AndroidManifest.xml:32:13-34:39
191                android:name="backend:com.google.android.datatransport.cct.CctBackendFactory"
191-->[com.google.android.datatransport:transport-backend-cct:3.1.2] AndroidManifest.xml:33:17-94
192                android:value="cct" />
192-->[com.google.android.datatransport:transport-backend-cct:3.1.2] AndroidManifest.xml:34:17-36
193        </service>
194        <service
194-->[com.google.android.datatransport:transport-runtime:3.1.2] AndroidManifest.xml:26:9-30:19
195            android:name="com.google.android.datatransport.runtime.scheduling.jobscheduling.JobInfoSchedulerService"
195-->[com.google.android.datatransport:transport-runtime:3.1.2] AndroidManifest.xml:27:13-117
196            android:exported="false"
196-->[com.google.android.datatransport:transport-runtime:3.1.2] AndroidManifest.xml:28:13-37
197            android:permission="android.permission.BIND_JOB_SERVICE" >
197-->[com.google.android.datatransport:transport-runtime:3.1.2] AndroidManifest.xml:29:13-69
198        </service>
199
200        <receiver
200-->[com.google.android.datatransport:transport-runtime:3.1.2] AndroidManifest.xml:32:9-34:40
201            android:name="com.google.android.datatransport.runtime.scheduling.jobscheduling.AlarmManagerSchedulerBroadcastReceiver"
201-->[com.google.android.datatransport:transport-runtime:3.1.2] AndroidManifest.xml:33:13-132
202            android:exported="false" />
202-->[com.google.android.datatransport:transport-runtime:3.1.2] AndroidManifest.xml:34:13-37
203
204        <activity
204-->[com.google.firebase:firebase-auth:21.0.1] AndroidManifest.xml:27:9-44:20
205            android:name="com.google.firebase.auth.internal.GenericIdpActivity"
205-->[com.google.firebase:firebase-auth:21.0.1] AndroidManifest.xml:28:13-80
206            android:excludeFromRecents="true"
206-->[com.google.firebase:firebase-auth:21.0.1] AndroidManifest.xml:29:13-46
207            android:exported="true"
207-->[com.google.firebase:firebase-auth:21.0.1] AndroidManifest.xml:30:13-36
208            android:launchMode="singleTask"
208-->[com.google.firebase:firebase-auth:21.0.1] AndroidManifest.xml:31:13-44
209            android:theme="@android:style/Theme.Translucent.NoTitleBar" >
209-->[com.google.firebase:firebase-auth:21.0.1] AndroidManifest.xml:32:13-72
210            <intent-filter>
210-->[com.google.firebase:firebase-auth:21.0.1] AndroidManifest.xml:33:13-43:29
211                <action android:name="android.intent.action.VIEW" />
211-->[com.google.firebase:firebase-auth:21.0.1] AndroidManifest.xml:34:17-69
211-->[com.google.firebase:firebase-auth:21.0.1] AndroidManifest.xml:34:25-66
212
213                <category android:name="android.intent.category.DEFAULT" />
213-->[com.google.firebase:firebase-auth:21.0.1] AndroidManifest.xml:36:17-76
213-->[com.google.firebase:firebase-auth:21.0.1] AndroidManifest.xml:36:27-73
214                <category android:name="android.intent.category.BROWSABLE" />
214-->[com.google.firebase:firebase-auth:21.0.1] AndroidManifest.xml:37:17-78
214-->[com.google.firebase:firebase-auth:21.0.1] AndroidManifest.xml:37:27-75
215
216                <data
216-->[com.google.firebase:firebase-auth:21.0.1] AndroidManifest.xml:39:17-42:51
217                    android:host="firebase.auth"
217-->[com.google.firebase:firebase-auth:21.0.1] AndroidManifest.xml:40:21-49
218                    android:path="/"
218-->[com.google.firebase:firebase-auth:21.0.1] AndroidManifest.xml:41:21-37
219                    android:scheme="genericidp" />
219-->[com.google.firebase:firebase-auth:21.0.1] AndroidManifest.xml:42:21-48
220            </intent-filter>
221        </activity>
222        <activity
222-->[com.google.firebase:firebase-auth:21.0.1] AndroidManifest.xml:45:9-62:20
223            android:name="com.google.firebase.auth.internal.RecaptchaActivity"
223-->[com.google.firebase:firebase-auth:21.0.1] AndroidManifest.xml:46:13-79
224            android:excludeFromRecents="true"
224-->[com.google.firebase:firebase-auth:21.0.1] AndroidManifest.xml:47:13-46
225            android:exported="true"
225-->[com.google.firebase:firebase-auth:21.0.1] AndroidManifest.xml:48:13-36
226            android:launchMode="singleTask"
226-->[com.google.firebase:firebase-auth:21.0.1] AndroidManifest.xml:49:13-44
227            android:theme="@android:style/Theme.Translucent.NoTitleBar" >
227-->[com.google.firebase:firebase-auth:21.0.1] AndroidManifest.xml:50:13-72
228            <intent-filter>
228-->[com.google.firebase:firebase-auth:21.0.1] AndroidManifest.xml:51:13-61:29
229                <action android:name="android.intent.action.VIEW" />
229-->[com.google.firebase:firebase-auth:21.0.1] AndroidManifest.xml:34:17-69
229-->[com.google.firebase:firebase-auth:21.0.1] AndroidManifest.xml:34:25-66
230
231                <category android:name="android.intent.category.DEFAULT" />
231-->[com.google.firebase:firebase-auth:21.0.1] AndroidManifest.xml:36:17-76
231-->[com.google.firebase:firebase-auth:21.0.1] AndroidManifest.xml:36:27-73
232                <category android:name="android.intent.category.BROWSABLE" />
232-->[com.google.firebase:firebase-auth:21.0.1] AndroidManifest.xml:37:17-78
232-->[com.google.firebase:firebase-auth:21.0.1] AndroidManifest.xml:37:27-75
233
234                <data
234-->[com.google.firebase:firebase-auth:21.0.1] AndroidManifest.xml:39:17-42:51
235                    android:host="firebase.auth"
235-->[com.google.firebase:firebase-auth:21.0.1] AndroidManifest.xml:40:21-49
236                    android:path="/"
236-->[com.google.firebase:firebase-auth:21.0.1] AndroidManifest.xml:41:21-37
237                    android:scheme="recaptcha" />
237-->[com.google.firebase:firebase-auth:21.0.1] AndroidManifest.xml:42:21-48
238            </intent-filter>
239        </activity>
240
241        <service
241-->[com.google.firebase:firebase-auth:21.0.1] AndroidManifest.xml:64:9-73:19
242            android:name="com.google.firebase.auth.api.fallback.service.FirebaseAuthFallbackService"
242-->[com.google.firebase:firebase-auth:21.0.1] AndroidManifest.xml:65:13-101
243            android:enabled="true"
243-->[com.google.firebase:firebase-auth:21.0.1] AndroidManifest.xml:66:13-35
244            android:exported="false" >
244-->[com.google.firebase:firebase-auth:21.0.1] AndroidManifest.xml:67:13-37
245            <intent-filter>
245-->[com.google.firebase:firebase-auth:21.0.1] AndroidManifest.xml:68:13-72:29
246                <action android:name="com.google.firebase.auth.api.gms.service.START" />
246-->[com.google.firebase:firebase-auth:21.0.1] AndroidManifest.xml:69:17-89
246-->[com.google.firebase:firebase-auth:21.0.1] AndroidManifest.xml:69:25-86
247
248                <category android:name="android.intent.category.DEFAULT" />
248-->[com.google.firebase:firebase-auth:21.0.1] AndroidManifest.xml:36:17-76
248-->[com.google.firebase:firebase-auth:21.0.1] AndroidManifest.xml:36:27-73
249            </intent-filter>
250        </service>
251
252        <provider
252-->[com.google.firebase:firebase-common:20.0.0] AndroidManifest.xml:26:9-31:39
253            android:name="com.google.firebase.provider.FirebaseInitProvider"
253-->[com.google.firebase:firebase-common:20.0.0] AndroidManifest.xml:27:13-77
254            android:authorities="com.example.jolobbi_app.firebaseinitprovider"
254-->[com.google.firebase:firebase-common:20.0.0] AndroidManifest.xml:28:13-72
255            android:directBootAware="true"
255-->[com.google.firebase:firebase-common:20.0.0] AndroidManifest.xml:29:13-43
256            android:exported="false"
256-->[com.google.firebase:firebase-common:20.0.0] AndroidManifest.xml:30:13-37
257            android:initOrder="100" />
257-->[com.google.firebase:firebase-common:20.0.0] AndroidManifest.xml:31:13-36
258
259        <receiver
259-->[com.google.android.gms:play-services-measurement:20.1.0] AndroidManifest.xml:29:9-33:20
260            android:name="com.google.android.gms.measurement.AppMeasurementReceiver"
260-->[com.google.android.gms:play-services-measurement:20.1.0] AndroidManifest.xml:30:13-85
261            android:enabled="true"
261-->[com.google.android.gms:play-services-measurement:20.1.0] AndroidManifest.xml:31:13-35
262            android:exported="false" >
262-->[com.google.android.gms:play-services-measurement:20.1.0] AndroidManifest.xml:32:13-37
263        </receiver>
264
265        <service
265-->[com.google.android.gms:play-services-measurement:20.1.0] AndroidManifest.xml:35:9-38:40
266            android:name="com.google.android.gms.measurement.AppMeasurementService"
266-->[com.google.android.gms:play-services-measurement:20.1.0] AndroidManifest.xml:36:13-84
267            android:enabled="true"
267-->[com.google.android.gms:play-services-measurement:20.1.0] AndroidManifest.xml:37:13-35
268            android:exported="false" />
268-->[com.google.android.gms:play-services-measurement:20.1.0] AndroidManifest.xml:38:13-37
269        <service
269-->[com.google.android.gms:play-services-measurement:20.1.0] AndroidManifest.xml:39:9-43:72
270            android:name="com.google.android.gms.measurement.AppMeasurementJobService"
270-->[com.google.android.gms:play-services-measurement:20.1.0] AndroidManifest.xml:40:13-87
271            android:enabled="true"
271-->[com.google.android.gms:play-services-measurement:20.1.0] AndroidManifest.xml:41:13-35
272            android:exported="false"
272-->[com.google.android.gms:play-services-measurement:20.1.0] AndroidManifest.xml:42:13-37
273            android:permission="android.permission.BIND_JOB_SERVICE" />
273-->[com.google.android.gms:play-services-measurement:20.1.0] AndroidManifest.xml:43:13-69
274
275        <activity
275-->[com.google.android.gms:play-services-base:17.1.0] AndroidManifest.xml:23:9-26:75
276            android:name="com.google.android.gms.common.api.GoogleApiActivity"
276-->[com.google.android.gms:play-services-base:17.1.0] AndroidManifest.xml:24:13-79
277            android:exported="false"
277-->[com.google.android.gms:play-services-base:17.1.0] AndroidManifest.xml:25:13-37